<?xml version="1.0" encoding="UTF-8"?>
<coverage generated="1775003367359" clover="3.2.0">
  <project timestamp="1775003367359" name="All files">
    <metrics statements="76" coveredstatements="53" conditionals="53" coveredconditionals="37" methods="45" coveredmethods="21" elements="174" coveredelements="111" complexity="0" loc="76" ncloc="76" packages="6" files="12" classes="12"/>
    <package name="components.kanban">
      <metrics statements="6" coveredstatements="6" conditionals="8" coveredconditionals="8" methods="4" coveredmethods="4"/>
      <file name="KanbanColumn.tsx" path="C:\vitor2026\iexfy\opportunities-frontend\src\components\kanban\KanbanColumn.tsx">
        <metrics statements="6" coveredstatements="6" conditionals="8" coveredconditionals="8" methods="4" coveredmethods="4"/>
        <line num="7" count="1" type="stmt"/>
        <line num="21" count="5" type="stmt"/>
        <line num="22" count="5" type="stmt"/>
        <line num="24" count="5" type="stmt"/>
        <line num="36" count="2" type="stmt"/>
        <line num="44" count="3" type="stmt"/>
      </file>
    </package>
    <package name="components.layout">
      <metrics statements="4" coveredstatements="4" conditionals="4" coveredconditionals="2" methods="3" coveredmethods="3"/>
      <file name="Navbar.tsx" path="C:\vitor2026\iexfy\opportunities-frontend\src\components\layout\Navbar.tsx">
        <metrics statements="4" coveredstatements="4" conditionals="4" coveredconditionals="2" methods="3" coveredmethods="3"/>
        <line num="5" count="5" type="stmt"/>
        <line num="7" count="5" type="stmt"/>
        <line num="23" count="1" type="stmt"/>
        <line num="31" count="1" type="stmt"/>
      </file>
    </package>
    <package name="components.opportunities">
      <metrics statements="29" coveredstatements="20" conditionals="29" coveredconditionals="24" methods="7" coveredmethods="6"/>
      <file name="CreateModal.tsx" path="C:\vitor2026\iexfy\opportunities-frontend\src\components\opportunities\CreateModal.tsx">
        <metrics statements="13" coveredstatements="12" conditionals="20" coveredconditionals="17" methods="3" coveredmethods="3"/>
        <line num="10" count="12" type="stmt"/>
        <line num="11" count="12" type="stmt"/>
        <line num="17" count="12" type="stmt"/>
        <line num="23" count="12" type="cond" truecount="1" falsecount="1"/>
        <line num="25" count="12" type="stmt"/>
        <line num="26" count="1" type="stmt"/>
        <line num="27" count="1" type="stmt"/>
        <line num="28" count="1" type="stmt"/>
        <line num="29" count="1" type="stmt"/>
        <line num="30" count="1" type="stmt"/>
        <line num="32" count="0" type="stmt"/>
        <line num="36" count="12" type="stmt"/>
        <line num="39" count="7" type="cond" truecount="2" falsecount="0"/>
      </file>
      <file name="DealCard.tsx" path="C:\vitor2026\iexfy\opportunities-frontend\src\components\opportunities\DealCard.tsx">
        <metrics statements="16" coveredstatements="8" conditionals="9" coveredconditionals="7" methods="4" coveredmethods="3"/>
        <line num="12" count="9" type="stmt"/>
        <line num="13" count="9" type="stmt"/>
        <line num="14" count="9" type="stmt"/>
        <line num="16" count="9" type="stmt"/>
        <line num="17" count="0" type="stmt"/>
        <line num="18" count="0" type="stmt"/>
        <line num="19" count="0" type="stmt"/>
        <line num="20" count="0" type="stmt"/>
        <line num="23" count="9" type="stmt"/>
        <line num="24" count="2" type="cond" truecount="1" falsecount="1"/>
        <line num="25" count="0" type="stmt"/>
        <line num="26" count="0" type="stmt"/>
        <line num="27" count="0" type="stmt"/>
        <line num="28" count="0" type="stmt"/>
        <line num="31" count="9" type="stmt"/>
        <line num="45" count="1" type="stmt"/>
      </file>
    </package>
    <package name="components.ui">
      <metrics statements="26" coveredstatements="12" conditionals="12" coveredconditionals="3" methods="27" coveredmethods="5"/>
      <file name="Skeleton.tsx" path="C:\vitor2026\iexfy\opportunities-frontend\src\components\ui\Skeleton.tsx">
        <metrics statements="3" coveredstatements="1" conditionals="0" coveredconditionals="0" methods="3" coveredmethods="1"/>
        <line num="2" count="2" type="stmt"/>
        <line num="20" count="0" type="stmt"/>
        <line num="28" count="0" type="stmt"/>
      </file>
      <file name="StatusBadge.tsx" path="C:\vitor2026\iexfy\opportunities-frontend\src\components\ui\StatusBadge.tsx">
        <metrics statements="2" coveredstatements="2" conditionals="0" coveredconditionals="0" methods="1" coveredmethods="1"/>
        <line num="3" count="2" type="stmt"/>
        <line num="11" count="14" type="stmt"/>
      </file>
      <file name="StatusSelect.tsx" path="C:\vitor2026\iexfy\opportunities-frontend\src\components\ui\StatusSelect.tsx">
        <metrics statements="7" coveredstatements="3" conditionals="8" coveredconditionals="3" methods="6" coveredmethods="1"/>
        <line num="6" count="1" type="stmt"/>
        <line num="15" count="9" type="stmt"/>
        <line num="17" count="9" type="stmt"/>
        <line num="22" count="0" type="stmt"/>
        <line num="35" count="0" type="stmt"/>
        <line num="38" count="0" type="stmt"/>
        <line num="41" count="0" type="stmt"/>
      </file>
      <file name="Toast.tsx" path="C:\vitor2026\iexfy\opportunities-frontend\src\components\ui\Toast.tsx">
        <metrics statements="14" coveredstatements="6" conditionals="4" coveredconditionals="0" methods="17" coveredmethods="2"/>
        <line num="7" count="2" type="stmt"/>
        <line num="8" count="2" type="stmt"/>
        <line num="9" count="2" type="stmt"/>
        <line num="10" count="1" type="stmt"/>
        <line num="11" count="1" type="stmt"/>
        <line num="13" count="2" type="stmt"/>
        <line num="15" count="0" type="stmt"/>
        <line num="18" count="0" type="stmt"/>
        <line num="19" count="0" type="stmt"/>
        <line num="23" count="0" type="stmt"/>
        <line num="29" count="0" type="stmt"/>
        <line num="30" count="0" type="stmt"/>
        <line num="31" count="0" type="cond" truecount="0" falsecount="2"/>
        <line num="32" count="0" type="stmt"/>
      </file>
    </package>
    <package name="lib">
      <metrics statements="6" coveredstatements="6" conditionals="0" coveredconditionals="0" methods="3" coveredmethods="2"/>
      <file name="schemas.ts" path="C:\vitor2026\iexfy\opportunities-frontend\src\lib\schemas.ts">
        <metrics statements="1" coveredstatements="1" conditionals="0" coveredconditionals="0" methods="0" coveredmethods="0"/>
        <line num="3" count="1" type="stmt"/>
      </file>
      <file name="utils.ts" path="C:\vitor2026\iexfy\opportunities-frontend\src\lib\utils.ts">
        <metrics statements="5" coveredstatements="5" conditionals="0" coveredconditionals="0" methods="3" coveredmethods="2"/>
        <line num="4" count="3" type="stmt"/>
        <line num="6" count="3" type="stmt"/>
        <line num="7" count="16" type="stmt"/>
        <line num="9" count="3" type="stmt"/>
        <line num="10" count="11" type="stmt"/>
      </file>
    </package>
    <package name="test">
      <metrics statements="5" coveredstatements="5" conditionals="0" coveredconditionals="0" methods="1" coveredmethods="1"/>
      <file name="mocks.ts" path="C:\vitor2026\iexfy\opportunities-frontend\src\test\mocks.ts">
        <metrics statements="3" coveredstatements="3" conditionals="0" coveredconditionals="0" methods="0" coveredmethods="0"/>
        <line num="3" count="2" type="stmt"/>
        <line num="14" count="2" type="stmt"/>
        <line num="21" count="2" type="stmt"/>
      </file>
      <file name="renderWithProviders.tsx" path="C:\vitor2026\iexfy\opportunities-frontend\src\test\renderWithProviders.tsx">
        <metrics statements="2" coveredstatements="2" conditionals="0" coveredconditionals="0" methods="1" coveredmethods="1"/>
        <line num="6" count="21" type="stmt"/>
        <line num="9" count="21" type="stmt"/>
      </file>
    </package>
  </project>
</coverage>
