{"C:\\vitor2026\\iexfy\\opportunities-frontend\\src\\components\\kanban\\KanbanColumn.tsx": {"path":"C:\\vitor2026\\iexfy\\opportunities-frontend\\src\\components\\kanban\\KanbanColumn.tsx","statementMap":{"0":{"start":{"line":7,"column":76},"end":{"line":12,"column":null}},"1":{"start":{"line":21,"column":15},"end":{"line":21,"column":null}},"2":{"start":{"line":22,"column":16},"end":{"line":22,"column":54}},"3":{"start":{"line":22,"column":39},"end":{"line":22,"column":52}},"4":{"start":{"line":24,"column":2},"end":{"line":47,"column":null}},"5":{"start":{"line":36,"column":38},"end":{"line":36,"column":67}},"6":{"start":{"line":44,"column":12},"end":{"line":44,"column":null}}},"fnMap":{"0":{"name":"KanbanColumn","decl":{"start":{"line":20,"column":16},"end":{"line":20,"column":29}},"loc":{"start":{"line":20,"column":64},"end":{"line":47,"column":null}},"line":20},"1":{"name":"(anonymous_1)","decl":{"start":{"line":22,"column":22},"end":{"line":22,"column":30}},"loc":{"start":{"line":22,"column":39},"end":{"line":22,"column":52}},"line":22},"2":{"name":"(anonymous_2)","decl":{"start":{"line":36,"column":24},"end":{"line":36,"column":29}},"loc":{"start":{"line":36,"column":38},"end":{"line":36,"column":67}},"line":36},"3":{"name":"(anonymous_3)","decl":{"start":{"line":43,"column":16},"end":{"line":43,"column":21}},"loc":{"start":{"line":44,"column":12},"end":{"line":44,"column":null}},"line":44}},"branchMap":{"0":{"loc":{"start":{"line":29,"column":39},"end":{"line":29,"column":75}},"type":"cond-expr","locations":[{"start":{"line":29,"column":49},"end":{"line":29,"column":55}},{"start":{"line":29,"column":55},"end":{"line":29,"column":75}}],"line":29},"1":{"loc":{"start":{"line":31,"column":36},"end":{"line":31,"column":80}},"type":"cond-expr","locations":[{"start":{"line":31,"column":46},"end":{"line":31,"column":52}},{"start":{"line":31,"column":46},"end":{"line":31,"column":80}}],"line":31},"2":{"loc":{"start":{"line":35,"column":9},"end":{"line":44,"column":null}},"type":"cond-expr","locations":[{"start":{"line":36,"column":10},"end":{"line":36,"column":67}},{"start":{"line":37,"column":12},"end":{"line":44,"column":null}}],"line":35},"3":{"loc":{"start":{"line":37,"column":12},"end":{"line":44,"column":null}},"type":"cond-expr","locations":[{"start":{"line":38,"column":10},"end":{"line":43,"column":16}},{"start":{"line":43,"column":10},"end":{"line":44,"column":null}}],"line":37}},"s":{"0":1,"1":5,"2":5,"3":3,"4":5,"5":2,"6":3},"f":{"0":5,"1":3,"2":2,"3":3},"b":{"0":[1,4],"1":[1,4],"2":[1,4],"3":[1,3]},"meta":{"lastBranch":4,"lastFunction":4,"lastStatement":7,"seen":{"s:7:76:12:Infinity":0,"f:20:16:20:29":0,"s:21:15:21:Infinity":1,"s:22:16:22:54":2,"f:22:22:22:30":1,"s:22:39:22:52":3,"s:24:2:47:Infinity":4,"b:29:49:29:55:29:55:29:75":0,"b:31:46:31:52:31:46:31:80":1,"b:36:10:36:67:37:12:44:Infinity":2,"f:36:24:36:29":2,"s:36:38:36:67":5,"b:38:10:43:16:43:10:44:Infinity":3,"f:43:16:43:21":3,"s:44:12:44:Infinity":6}}}
,"C:\\vitor2026\\iexfy\\opportunities-frontend\\src\\components\\layout\\Navbar.tsx": {"path":"C:\\vitor2026\\iexfy\\opportunities-frontend\\src\\components\\layout\\Navbar.tsx","statementMap":{"0":{"start":{"line":5,"column":33},"end":{"line":5,"column":60}},"1":{"start":{"line":7,"column":2},"end":{"line":40,"column":null}},"2":{"start":{"line":23,"column":27},"end":{"line":23,"column":48}},"3":{"start":{"line":31,"column":27},"end":{"line":31,"column":46}}},"fnMap":{"0":{"name":"Navbar","decl":{"start":{"line":4,"column":16},"end":{"line":4,"column":25}},"loc":{"start":{"line":4,"column":25},"end":{"line":40,"column":null}},"line":4},"1":{"name":"(anonymous_1)","decl":{"start":{"line":23,"column":12},"end":{"line":23,"column":27}},"loc":{"start":{"line":23,"column":27},"end":{"line":23,"column":48}},"line":23},"2":{"name":"(anonymous_2)","decl":{"start":{"line":31,"column":12},"end":{"line":31,"column":27}},"loc":{"start":{"line":31,"column":27},"end":{"line":31,"column":46}},"line":31}},"branchMap":{"0":{"loc":{"start":{"line":22,"column":35},"end":{"line":22,"column":null}},"type":"cond-expr","locations":[{"start":{"line":22,"column":59},"end":{"line":22,"column":70}},{"start":{"line":22,"column":70},"end":{"line":22,"column":null}}],"line":22},"1":{"loc":{"start":{"line":30,"column":35},"end":{"line":30,"column":null}},"type":"cond-expr","locations":[{"start":{"line":30,"column":57},"end":{"line":30,"column":68}},{"start":{"line":30,"column":68},"end":{"line":30,"column":null}}],"line":30}},"s":{"0":5,"1":5,"2":1,"3":1},"f":{"0":5,"1":1,"2":1},"b":{"0":[5,0],"1":[0,5]},"meta":{"lastBranch":2,"lastFunction":3,"lastStatement":4,"seen":{"f:4:16:4:25":0,"s:5:33:5:60":0,"s:7:2:40:Infinity":1,"b:22:59:22:70:22:70:22:Infinity":0,"f:23:12:23:27":1,"s:23:27:23:48":2,"b:30:57:30:68:30:68:30:Infinity":1,"f:31:12:31:27":2,"s:31:27:31:46":3}}}
,"C:\\vitor2026\\iexfy\\opportunities-frontend\\src\\components\\opportunities\\CreateModal.tsx": {"path":"C:\\vitor2026\\iexfy\\opportunities-frontend\\src\\components\\opportunities\\CreateModal.tsx","statementMap":{"0":{"start":{"line":10,"column":24},"end":{"line":10,"column":52}},"1":{"start":{"line":11,"column":23},"end":{"line":11,"column":59}},"2":{"start":{"line":17,"column":17},"end":{"line":21,"column":4}},"3":{"start":{"line":23,"column":2},"end":{"line":23,"column":null}},"4":{"start":{"line":23,"column":21},"end":{"line":23,"column":null}},"5":{"start":{"line":25,"column":19},"end":{"line":32,"column":null}},"6":{"start":{"line":26,"column":4},"end":{"line":32,"column":null}},"7":{"start":{"line":27,"column":6},"end":{"line":27,"column":null}},"8":{"start":{"line":28,"column":6},"end":{"line":28,"column":null}},"9":{"start":{"line":29,"column":6},"end":{"line":29,"column":null}},"10":{"start":{"line":30,"column":6},"end":{"line":30,"column":null}},"11":{"start":{"line":32,"column":6},"end":{"line":32,"column":null}},"12":{"start":{"line":36,"column":2},"end":{"line":128,"column":null}},"13":{"start":{"line":39,"column":20},"end":{"line":39,"column":65}}},"fnMap":{"0":{"name":"CreateModal","decl":{"start":{"line":9,"column":16},"end":{"line":9,"column":30}},"loc":{"start":{"line":9,"column":30},"end":{"line":128,"column":null}},"line":9},"1":{"name":"(anonymous_1)","decl":{"start":{"line":25,"column":19},"end":{"line":25,"column":26}},"loc":{"start":{"line":25,"column":49},"end":{"line":32,"column":null}},"line":25},"2":{"name":"(anonymous_2)","decl":{"start":{"line":39,"column":6},"end":{"line":39,"column":15}},"loc":{"start":{"line":39,"column":20},"end":{"line":39,"column":65}},"line":39}},"branchMap":{"0":{"loc":{"start":{"line":23,"column":2},"end":{"line":23,"column":null}},"type":"if","locations":[{"start":{"line":23,"column":2},"end":{"line":23,"column":null}},{"start":{},"end":{}}],"line":23},"1":{"loc":{"start":{"line":39,"column":20},"end":{"line":39,"column":65}},"type":"binary-expr","locations":[{"start":{"line":39,"column":20},"end":{"line":39,"column":52}},{"start":{"line":39,"column":52},"end":{"line":39,"column":65}}],"line":39},"2":{"loc":{"start":{"line":60,"column":42},"end":{"line":60,"column":null}},"type":"cond-expr","locations":[{"start":{"line":60,"column":58},"end":{"line":60,"column":66}},{"start":{"line":60,"column":66},"end":{"line":60,"column":null}}],"line":60},"3":{"loc":{"start":{"line":63,"column":15},"end":{"line":63,"column":null}},"type":"binary-expr","locations":[{"start":{"line":63,"column":15},"end":{"line":63,"column":32}},{"start":{"line":63,"column":32},"end":{"line":63,"column":null}}],"line":63},"4":{"loc":{"start":{"line":71,"column":42},"end":{"line":71,"column":null}},"type":"cond-expr","locations":[{"start":{"line":71,"column":59},"end":{"line":71,"column":67}},{"start":{"line":71,"column":67},"end":{"line":71,"column":null}}],"line":71},"5":{"loc":{"start":{"line":74,"column":15},"end":{"line":74,"column":null}},"type":"binary-expr","locations":[{"start":{"line":74,"column":15},"end":{"line":74,"column":33}},{"start":{"line":74,"column":33},"end":{"line":74,"column":null}}],"line":74},"6":{"loc":{"start":{"line":86,"column":44},"end":{"line":86,"column":null}},"type":"cond-expr","locations":[{"start":{"line":86,"column":59},"end":{"line":86,"column":67}},{"start":{"line":86,"column":67},"end":{"line":86,"column":null}}],"line":86},"7":{"loc":{"start":{"line":89,"column":17},"end":{"line":89,"column":null}},"type":"binary-expr","locations":[{"start":{"line":89,"column":17},"end":{"line":89,"column":33}},{"start":{"line":89,"column":33},"end":{"line":89,"column":null}}],"line":89},"8":{"loc":{"start":{"line":110,"column":15},"end":{"line":110,"column":null}},"type":"binary-expr","locations":[{"start":{"line":110,"column":15},"end":{"line":110,"column":35}},{"start":{"line":110,"column":35},"end":{"line":110,"column":null}}],"line":110},"9":{"loc":{"start":{"line":119,"column":15},"end":{"line":122,"column":null}},"type":"cond-expr","locations":[{"start":{"line":120,"column":16},"end":{"line":120,"column":null}},{"start":{"line":122,"column":16},"end":{"line":122,"column":null}}],"line":119}},"s":{"0":12,"1":12,"2":12,"3":12,"4":0,"5":12,"6":1,"7":1,"8":1,"9":1,"10":1,"11":0,"12":12,"13":7},"f":{"0":12,"1":1,"2":7},"b":{"0":[0,12],"1":[7,1],"2":[1,11],"3":[12,1],"4":[1,11],"5":[12,1],"6":[1,11],"7":[12,1],"8":[12,0],"9":[0,12]},"meta":{"lastBranch":10,"lastFunction":3,"lastStatement":14,"seen":{"f:9:16:9:30":0,"s:10:24:10:52":0,"s:11:23:11:59":1,"s:17:17:21:4":2,"b:23:2:23:Infinity:undefined:undefined:undefined:undefined":0,"s:23:2:23:Infinity":3,"s:23:21:23:Infinity":4,"s:25:19:32:Infinity":5,"f:25:19:25:26":1,"s:26:4:32:Infinity":6,"s:27:6:27:Infinity":7,"s:28:6:28:Infinity":8,"s:29:6:29:Infinity":9,"s:30:6:30:Infinity":10,"s:32:6:32:Infinity":11,"s:36:2:128:Infinity":12,"f:39:6:39:15":2,"s:39:20:39:65":13,"b:39:20:39:52:39:52:39:65":1,"b:60:58:60:66:60:66:60:Infinity":2,"b:63:15:63:32:63:32:63:Infinity":3,"b:71:59:71:67:71:67:71:Infinity":4,"b:74:15:74:33:74:33:74:Infinity":5,"b:86:59:86:67:86:67:86:Infinity":6,"b:89:17:89:33:89:33:89:Infinity":7,"b:110:15:110:35:110:35:110:Infinity":8,"b:120:16:120:Infinity:122:16:122:Infinity":9}}}
,"C:\\vitor2026\\iexfy\\opportunities-frontend\\src\\components\\opportunities\\DealCard.tsx": {"path":"C:\\vitor2026\\iexfy\\opportunities-frontend\\src\\components\\opportunities\\DealCard.tsx","statementMap":{"0":{"start":{"line":12,"column":21},"end":{"line":12,"column":53}},"1":{"start":{"line":13,"column":42},"end":{"line":13,"column":77}},"2":{"start":{"line":14,"column":42},"end":{"line":14,"column":78}},"3":{"start":{"line":16,"column":23},"end":{"line":20,"column":null}},"4":{"start":{"line":17,"column":4},"end":{"line":20,"column":null}},"5":{"start":{"line":18,"column":6},"end":{"line":18,"column":null}},"6":{"start":{"line":19,"column":6},"end":{"line":19,"column":null}},"7":{"start":{"line":20,"column":14},"end":{"line":20,"column":null}},"8":{"start":{"line":23,"column":23},"end":{"line":28,"column":null}},"9":{"start":{"line":24,"column":4},"end":{"line":24,"column":null}},"10":{"start":{"line":24,"column":23},"end":{"line":24,"column":44}},"11":{"start":{"line":24,"column":44},"end":{"line":24,"column":null}},"12":{"start":{"line":25,"column":4},"end":{"line":28,"column":null}},"13":{"start":{"line":26,"column":6},"end":{"line":26,"column":null}},"14":{"start":{"line":27,"column":6},"end":{"line":27,"column":null}},"15":{"start":{"line":28,"column":14},"end":{"line":28,"column":null}},"16":{"start":{"line":31,"column":2},"end":{"line":74,"column":null}},"17":{"start":{"line":45,"column":51},"end":{"line":45,"column":71}}},"fnMap":{"0":{"name":"DealCard","decl":{"start":{"line":11,"column":16},"end":{"line":11,"column":25}},"loc":{"start":{"line":11,"column":60},"end":{"line":74,"column":null}},"line":11},"1":{"name":"(anonymous_1)","decl":{"start":{"line":16,"column":23},"end":{"line":16,"column":30}},"loc":{"start":{"line":16,"column":60},"end":{"line":20,"column":null}},"line":16},"2":{"name":"(anonymous_2)","decl":{"start":{"line":23,"column":23},"end":{"line":23,"column":35}},"loc":{"start":{"line":23,"column":35},"end":{"line":28,"column":null}},"line":23},"3":{"name":"(anonymous_3)","decl":{"start":{"line":45,"column":38},"end":{"line":45,"column":51}},"loc":{"start":{"line":45,"column":51},"end":{"line":45,"column":71}},"line":45}},"branchMap":{"0":{"loc":{"start":{"line":11,"column":40},"end":{"line":11,"column":60}},"type":"default-arg","locations":[{"start":{"line":11,"column":48},"end":{"line":11,"column":60}}],"line":11},"1":{"loc":{"start":{"line":24,"column":4},"end":{"line":24,"column":null}},"type":"if","locations":[{"start":{"line":24,"column":4},"end":{"line":24,"column":null}},{"start":{},"end":{}}],"line":24},"2":{"loc":{"start":{"line":39,"column":9},"end":{"line":50,"column":null}},"type":"cond-expr","locations":[{"start":{"line":40,"column":10},"end":{"line":48,"column":11}},{"start":{"line":48,"column":10},"end":{"line":50,"column":null}}],"line":39},"3":{"loc":{"start":{"line":43,"column":15},"end":{"line":43,"column":null}},"type":"cond-expr","locations":[{"start":{"line":43,"column":26},"end":{"line":43,"column":null}},{"start":{"line":43,"column":71},"end":{"line":43,"column":null}}],"line":43},"4":{"loc":{"start":{"line":59,"column":7},"end":{"line":60,"column":null}},"type":"binary-expr","locations":[{"start":{"line":59,"column":7},"end":{"line":59,"column":null}},{"start":{"line":60,"column":8},"end":{"line":60,"column":null}}],"line":59}},"s":{"0":9,"1":9,"2":9,"3":9,"4":0,"5":0,"6":0,"7":0,"8":9,"9":2,"10":2,"11":2,"12":0,"13":0,"14":0,"15":0,"16":9,"17":1},"f":{"0":9,"1":0,"2":2,"3":1},"b":{"0":[9],"1":[2,0],"2":[2,7],"3":[0,2],"4":[9,8]},"meta":{"lastBranch":5,"lastFunction":4,"lastStatement":18,"seen":{"f:11:16:11:25":0,"b:11:48:11:60":0,"s:12:21:12:53":0,"s:13:42:13:77":1,"s:14:42:14:78":2,"s:16:23:20:Infinity":3,"f:16:23:16:30":1,"s:17:4:20:Infinity":4,"s:18:6:18:Infinity":5,"s:19:6:19:Infinity":6,"s:20:14:20:Infinity":7,"s:23:23:28:Infinity":8,"f:23:23:23:35":2,"b:24:4:24:Infinity:undefined:undefined:undefined:undefined":1,"s:24:4:24:Infinity":9,"s:24:23:24:44":10,"s:24:44:24:Infinity":11,"s:25:4:28:Infinity":12,"s:26:6:26:Infinity":13,"s:27:6:27:Infinity":14,"s:28:14:28:Infinity":15,"s:31:2:74:Infinity":16,"b:40:10:48:11:48:10:50:Infinity":2,"b:43:26:43:Infinity:43:71:43:Infinity":3,"f:45:38:45:51":3,"s:45:51:45:71":17,"b:59:7:59:Infinity:60:8:60:Infinity":4}}}
,"C:\\vitor2026\\iexfy\\opportunities-frontend\\src\\components\\ui\\Skeleton.tsx": {"path":"C:\\vitor2026\\iexfy\\opportunities-frontend\\src\\components\\ui\\Skeleton.tsx","statementMap":{"0":{"start":{"line":2,"column":2},"end":{"line":13,"column":null}},"1":{"start":{"line":20,"column":2},"end":{"line":35,"column":null}},"2":{"start":{"line":28,"column":8},"end":{"line":34,"column":null}}},"fnMap":{"0":{"name":"DealCardSkeleton","decl":{"start":{"line":1,"column":16},"end":{"line":1,"column":35}},"loc":{"start":{"line":1,"column":35},"end":{"line":13,"column":null}},"line":1},"1":{"name":"SidebarSkeleton","decl":{"start":{"line":19,"column":16},"end":{"line":19,"column":34}},"loc":{"start":{"line":19,"column":34},"end":{"line":35,"column":null}},"line":19},"2":{"name":"(anonymous_2)","decl":{"start":{"line":27,"column":21},"end":{"line":27,"column":26}},"loc":{"start":{"line":28,"column":8},"end":{"line":34,"column":null}},"line":28}},"branchMap":{},"s":{"0":2,"1":0,"2":0},"f":{"0":2,"1":0,"2":0},"b":{},"meta":{"lastBranch":0,"lastFunction":3,"lastStatement":3,"seen":{"f:1:16:1:35":0,"s:2:2:13:Infinity":0,"f:19:16:19:34":1,"s:20:2:35:Infinity":1,"f:27:21:27:26":2,"s:28:8:34:Infinity":2}}}
,"C:\\vitor2026\\iexfy\\opportunities-frontend\\src\\components\\ui\\StatusBadge.tsx": {"path":"C:\\vitor2026\\iexfy\\opportunities-frontend\\src\\components\\ui\\StatusBadge.tsx","statementMap":{"0":{"start":{"line":3,"column":71},"end":{"line":8,"column":null}},"1":{"start":{"line":11,"column":2},"end":{"line":14,"column":null}}},"fnMap":{"0":{"name":"StatusBadge","decl":{"start":{"line":10,"column":16},"end":{"line":10,"column":28}},"loc":{"start":{"line":10,"column":71},"end":{"line":14,"column":null}},"line":10}},"branchMap":{},"s":{"0":2,"1":14},"f":{"0":14},"b":{},"meta":{"lastBranch":0,"lastFunction":1,"lastStatement":2,"seen":{"s:3:71:8:Infinity":0,"f:10:16:10:28":0,"s:11:2:14:Infinity":1}}}
,"C:\\vitor2026\\iexfy\\opportunities-frontend\\src\\components\\ui\\StatusSelect.tsx": {"path":"C:\\vitor2026\\iexfy\\opportunities-frontend\\src\\components\\ui\\StatusSelect.tsx","statementMap":{"0":{"start":{"line":6,"column":33},"end":{"line":6,"column":null}},"1":{"start":{"line":15,"column":15},"end":{"line":15,"column":41}},"2":{"start":{"line":17,"column":2},"end":{"line":47,"column":null}},"3":{"start":{"line":22,"column":24},"end":{"line":22,"column":45}},"4":{"start":{"line":22,"column":45},"end":{"line":22,"column":null}},"5":{"start":{"line":22,"column":56},"end":{"line":22,"column":59}},"6":{"start":{"line":35,"column":73},"end":{"line":35,"column":90}},"7":{"start":{"line":38,"column":14},"end":{"line":44,"column":null}},"8":{"start":{"line":41,"column":31},"end":{"line":41,"column":44}},"9":{"start":{"line":41,"column":44},"end":{"line":41,"column":null}}},"fnMap":{"0":{"name":"StatusSelect","decl":{"start":{"line":14,"column":16},"end":{"line":14,"column":29}},"loc":{"start":{"line":14,"column":68},"end":{"line":47,"column":null}},"line":14},"1":{"name":"(anonymous_1)","decl":{"start":{"line":22,"column":8},"end":{"line":22,"column":17}},"loc":{"start":{"line":22,"column":22},"end":{"line":22,"column":null}},"line":22},"2":{"name":"(anonymous_2)","decl":{"start":{"line":22,"column":45},"end":{"line":22,"column":53}},"loc":{"start":{"line":22,"column":56},"end":{"line":22,"column":59}},"line":22},"3":{"name":"(anonymous_3)","decl":{"start":{"line":35,"column":60},"end":{"line":35,"column":73}},"loc":{"start":{"line":35,"column":73},"end":{"line":35,"column":90}},"line":35},"4":{"name":"(anonymous_4)","decl":{"start":{"line":37,"column":17},"end":{"line":37,"column":21}},"loc":{"start":{"line":38,"column":14},"end":{"line":44,"column":null}},"line":38},"5":{"name":"(anonymous_5)","decl":{"start":{"line":41,"column":16},"end":{"line":41,"column":29}},"loc":{"start":{"line":41,"column":29},"end":{"line":41,"column":null}},"line":41}},"branchMap":{"0":{"loc":{"start":{"line":24,"column":9},"end":{"line":29,"column":null}},"type":"cond-expr","locations":[{"start":{"line":25,"column":12},"end":{"line":26,"column":null}},{"start":{"line":26,"column":12},"end":{"line":29,"column":null}}],"line":24},"1":{"loc":{"start":{"line":28,"column":59},"end":{"line":28,"column":76}},"type":"cond-expr","locations":[{"start":{"line":28,"column":64},"end":{"line":28,"column":69}},{"start":{"line":28,"column":69},"end":{"line":28,"column":76}}],"line":28},"2":{"loc":{"start":{"line":33,"column":7},"end":{"line":47,"column":null}},"type":"binary-expr","locations":[{"start":{"line":33,"column":7},"end":{"line":33,"column":null}},{"start":{"line":34,"column":8},"end":{"line":47,"column":null}}],"line":33},"3":{"loc":{"start":{"line":40,"column":40},"end":{"line":40,"column":null}},"type":"cond-expr","locations":[{"start":{"line":40,"column":52},"end":{"line":40,"column":58}},{"start":{"line":40,"column":58},"end":{"line":40,"column":null}}],"line":40}},"s":{"0":1,"1":9,"2":9,"3":0,"4":0,"5":0,"6":0,"7":0,"8":0,"9":0},"f":{"0":9,"1":0,"2":0,"3":0,"4":0,"5":0},"b":{"0":[0,9],"1":[0,9],"2":[9,0],"3":[0,0]},"meta":{"lastBranch":4,"lastFunction":6,"lastStatement":10,"seen":{"s:6:33:6:Infinity":0,"f:14:16:14:29":0,"s:15:15:15:41":1,"s:17:2:47:Infinity":2,"f:22:8:22:17":1,"s:22:24:22:45":3,"s:22:45:22:Infinity":4,"f:22:45:22:53":2,"s:22:56:22:59":5,"b:25:12:26:Infinity:26:12:29:Infinity":0,"b:28:64:28:69:28:69:28:76":1,"b:33:7:33:Infinity:34:8:47:Infinity":2,"f:35:60:35:73":3,"s:35:73:35:90":6,"f:37:17:37:21":4,"s:38:14:44:Infinity":7,"b:40:52:40:58:40:58:40:Infinity":3,"f:41:16:41:29":5,"s:41:31:41:44":8,"s:41:44:41:Infinity":9}}}
,"C:\\vitor2026\\iexfy\\opportunities-frontend\\src\\components\\ui\\Toast.tsx": {"path":"C:\\vitor2026\\iexfy\\opportunities-frontend\\src\\components\\ui\\Toast.tsx","statementMap":{"0":{"start":{"line":7,"column":43},"end":{"line":7,"column":45}},"1":{"start":{"line":8,"column":25},"end":{"line":8,"column":27}},"2":{"start":{"line":9,"column":6},"end":{"line":11,"column":null}},"3":{"start":{"line":10,"column":2},"end":{"line":10,"column":null}},"4":{"start":{"line":11,"column":2},"end":{"line":11,"column":null}},"5":{"start":{"line":11,"column":25},"end":{"line":11,"column":38}},"6":{"start":{"line":13,"column":21},"end":{"line":13,"column":null}},"7":{"start":{"line":13,"column":43},"end":{"line":13,"column":55}},"8":{"start":{"line":13,"column":75},"end":{"line":13,"column":90}},"9":{"start":{"line":15,"column":28},"end":{"line":15,"column":62}},"10":{"start":{"line":15,"column":50},"end":{"line":15,"column":60}},"11":{"start":{"line":15,"column":62},"end":{"line":15,"column":null}},"12":{"start":{"line":15,"column":83},"end":{"line":15,"column":96}},"13":{"start":{"line":18,"column":2},"end":{"line":18,"column":null}},"14":{"start":{"line":18,"column":26},"end":{"line":18,"column":62}},"15":{"start":{"line":18,"column":41},"end":{"line":18,"column":56}},"16":{"start":{"line":18,"column":64},"end":{"line":18,"column":93}},"17":{"start":{"line":18,"column":75},"end":{"line":18,"column":90}},"18":{"start":{"line":19,"column":2},"end":{"line":23,"column":null}},"19":{"start":{"line":23,"column":47},"end":{"line":23,"column":62}},"20":{"start":{"line":29,"column":16},"end":{"line":29,"column":53}},"21":{"start":{"line":30,"column":2},"end":{"line":30,"column":null}},"22":{"start":{"line":30,"column":18},"end":{"line":30,"column":44}},"23":{"start":{"line":30,"column":44},"end":{"line":30,"column":105}},"24":{"start":{"line":30,"column":57},"end":{"line":30,"column":105}},"25":{"start":{"line":30,"column":87},"end":{"line":30,"column":100}},"26":{"start":{"line":31,"column":2},"end":{"line":31,"column":null}},"27":{"start":{"line":31,"column":21},"end":{"line":31,"column":null}},"28":{"start":{"line":32,"column":2},"end":{"line":32,"column":null}},"29":{"start":{"line":32,"column":51},"end":{"line":32,"column":91}}},"fnMap":{"0":{"name":"(anonymous_0)","decl":{"start":{"line":9,"column":6},"end":{"line":9,"column":14}},"loc":{"start":{"line":9,"column":45},"end":{"line":11,"column":null}},"line":9},"1":{"name":"(anonymous_1)","decl":{"start":{"line":11,"column":12},"end":{"line":11,"column":20}},"loc":{"start":{"line":11,"column":25},"end":{"line":11,"column":38}},"line":11},"2":{"name":"(anonymous_2)","decl":{"start":{"line":13,"column":23},"end":{"line":13,"column":32}},"loc":{"start":{"line":13,"column":43},"end":{"line":13,"column":55}},"line":13},"3":{"name":"(anonymous_3)","decl":{"start":{"line":13,"column":57},"end":{"line":13,"column":64}},"loc":{"start":{"line":13,"column":75},"end":{"line":13,"column":90}},"line":13},"4":{"name":"remove","decl":{"start":{"line":15,"column":9},"end":{"line":15,"column":16}},"loc":{"start":{"line":15,"column":26},"end":{"line":15,"column":null}},"line":15},"5":{"name":"(anonymous_5)","decl":{"start":{"line":15,"column":40},"end":{"line":15,"column":47}},"loc":{"start":{"line":15,"column":50},"end":{"line":15,"column":60}},"line":15},"6":{"name":"(anonymous_6)","decl":{"start":{"line":15,"column":72},"end":{"line":15,"column":80}},"loc":{"start":{"line":15,"column":83},"end":{"line":15,"column":96}},"line":15},"7":{"name":"ToastItem","decl":{"start":{"line":17,"column":9},"end":{"line":17,"column":19}},"loc":{"start":{"line":17,"column":48},"end":{"line":23,"column":null}},"line":17},"8":{"name":"(anonymous_8)","decl":{"start":{"line":18,"column":2},"end":{"line":18,"column":16}},"loc":{"start":{"line":18,"column":16},"end":{"line":18,"column":94}},"line":18},"9":{"name":"(anonymous_9)","decl":{"start":{"line":18,"column":26},"end":{"line":18,"column":41}},"loc":{"start":{"line":18,"column":41},"end":{"line":18,"column":56}},"line":18},"10":{"name":"(anonymous_10)","decl":{"start":{"line":18,"column":64},"end":{"line":18,"column":75}},"loc":{"start":{"line":18,"column":75},"end":{"line":18,"column":90}},"line":18},"11":{"name":"(anonymous_11)","decl":{"start":{"line":23,"column":34},"end":{"line":23,"column":47}},"loc":{"start":{"line":23,"column":47},"end":{"line":23,"column":62}},"line":23},"12":{"name":"ToastContainer","decl":{"start":{"line":28,"column":16},"end":{"line":28,"column":33}},"loc":{"start":{"line":28,"column":33},"end":{"line":32,"column":null}},"line":28},"13":{"name":"(anonymous_13)","decl":{"start":{"line":30,"column":2},"end":{"line":30,"column":16}},"loc":{"start":{"line":30,"column":16},"end":{"line":30,"column":107}},"line":30},"14":{"name":"(anonymous_14)","decl":{"start":{"line":30,"column":44},"end":{"line":30,"column":55}},"loc":{"start":{"line":30,"column":55},"end":{"line":30,"column":105}},"line":30},"15":{"name":"(anonymous_15)","decl":{"start":{"line":30,"column":77},"end":{"line":30,"column":84}},"loc":{"start":{"line":30,"column":87},"end":{"line":30,"column":100}},"line":30},"16":{"name":"(anonymous_16)","decl":{"start":{"line":32,"column":44},"end":{"line":32,"column":48}},"loc":{"start":{"line":32,"column":51},"end":{"line":32,"column":91}},"line":32}},"branchMap":{"0":{"loc":{"start":{"line":21,"column":7},"end":{"line":21,"column":null}},"type":"cond-expr","locations":[{"start":{"line":21,"column":26},"end":{"line":21,"column":54}},{"start":{"line":21,"column":53},"end":{"line":21,"column":null}}],"line":21},"1":{"loc":{"start":{"line":31,"column":2},"end":{"line":31,"column":null}},"type":"if","locations":[{"start":{"line":31,"column":2},"end":{"line":31,"column":null}},{"start":{},"end":{}}],"line":31}},"s":{"0":2,"1":2,"2":2,"3":1,"4":1,"5":0,"6":2,"7":1,"8":0,"9":0,"10":0,"11":0,"12":0,"13":0,"14":0,"15":0,"16":0,"17":0,"18":0,"19":0,"20":0,"21":0,"22":0,"23":0,"24":0,"25":0,"26":0,"27":0,"28":0,"29":0},"f":{"0":1,"1":0,"2":1,"3":0,"4":0,"5":0,"6":0,"7":0,"8":0,"9":0,"10":0,"11":0,"12":0,"13":0,"14":0,"15":0,"16":0},"b":{"0":[0,0],"1":[0,0]},"meta":{"lastBranch":2,"lastFunction":17,"lastStatement":30,"seen":{"s:7:43:7:45":0,"s:8:25:8:27":1,"s:9:6:11:Infinity":2,"f:9:6:9:14":0,"s:10:2:10:Infinity":3,"s:11:2:11:Infinity":4,"f:11:12:11:20":1,"s:11:25:11:38":5,"s:13:21:13:Infinity":6,"f:13:23:13:32":2,"s:13:43:13:55":7,"f:13:57:13:64":3,"s:13:75:13:90":8,"f:15:9:15:16":4,"s:15:28:15:62":9,"f:15:40:15:47":5,"s:15:50:15:60":10,"s:15:62:15:Infinity":11,"f:15:72:15:80":6,"s:15:83:15:96":12,"f:17:9:17:19":7,"s:18:2:18:Infinity":13,"f:18:2:18:16":8,"s:18:26:18:62":14,"f:18:26:18:41":9,"s:18:41:18:56":15,"s:18:64:18:93":16,"f:18:64:18:75":10,"s:18:75:18:90":17,"s:19:2:23:Infinity":18,"b:21:26:21:54:21:53:21:Infinity":0,"f:23:34:23:47":11,"s:23:47:23:62":19,"f:28:16:28:33":12,"s:29:16:29:53":20,"s:30:2:30:Infinity":21,"f:30:2:30:16":13,"s:30:18:30:44":22,"s:30:44:30:105":23,"f:30:44:30:55":14,"s:30:57:30:105":24,"f:30:77:30:84":15,"s:30:87:30:100":25,"b:31:2:31:Infinity:undefined:undefined:undefined:undefined":1,"s:31:2:31:Infinity":26,"s:31:21:31:Infinity":27,"s:32:2:32:Infinity":28,"f:32:44:32:48":16,"s:32:51:32:91":29}}}
,"C:\\vitor2026\\iexfy\\opportunities-frontend\\src\\lib\\schemas.ts": {"path":"C:\\vitor2026\\iexfy\\opportunities-frontend\\src\\lib\\schemas.ts","statementMap":{"0":{"start":{"line":3,"column":39},"end":{"line":9,"column":2}}},"fnMap":{},"branchMap":{},"s":{"0":1},"f":{},"b":{},"meta":{"lastBranch":0,"lastFunction":0,"lastStatement":1,"seen":{"s:3:39:9:2":0}}}
,"C:\\vitor2026\\iexfy\\opportunities-frontend\\src\\lib\\utils.ts": {"path":"C:\\vitor2026\\iexfy\\opportunities-frontend\\src\\lib\\utils.ts","statementMap":{"0":{"start":{"line":4,"column":13},"end":{"line":4,"column":68}},"1":{"start":{"line":4,"column":22},"end":{"line":4,"column":68}},"2":{"start":{"line":6,"column":13},"end":{"line":7,"column":105}},"3":{"start":{"line":7,"column":2},"end":{"line":7,"column":105}},"4":{"start":{"line":9,"column":13},"end":{"line":10,"column":104}},"5":{"start":{"line":10,"column":2},"end":{"line":10,"column":104}}},"fnMap":{"0":{"name":"(anonymous_0)","decl":{"start":{"line":4,"column":13},"end":{"line":4,"column":19}},"loc":{"start":{"line":4,"column":22},"end":{"line":4,"column":68}},"line":4},"1":{"name":"(anonymous_1)","decl":{"start":{"line":6,"column":13},"end":{"line":6,"column":31}},"loc":{"start":{"line":7,"column":2},"end":{"line":7,"column":105}},"line":7},"2":{"name":"(anonymous_2)","decl":{"start":{"line":9,"column":13},"end":{"line":9,"column":27}},"loc":{"start":{"line":10,"column":2},"end":{"line":10,"column":104}},"line":10}},"branchMap":{},"s":{"0":3,"1":0,"2":3,"3":16,"4":3,"5":11},"f":{"0":0,"1":16,"2":11},"b":{},"meta":{"lastBranch":0,"lastFunction":3,"lastStatement":6,"seen":{"s:4:13:4:68":0,"f:4:13:4:19":0,"s:4:22:4:68":1,"s:6:13:7:105":2,"f:6:13:6:31":1,"s:7:2:7:105":3,"s:9:13:10:104":4,"f:9:13:9:27":2,"s:10:2:10:104":5}}}
,"C:\\vitor2026\\iexfy\\opportunities-frontend\\src\\test\\mocks.ts": {"path":"C:\\vitor2026\\iexfy\\opportunities-frontend\\src\\test\\mocks.ts","statementMap":{"0":{"start":{"line":3,"column":44},"end":{"line":12,"column":null}},"1":{"start":{"line":14,"column":48},"end":{"line":19,"column":null}},"2":{"start":{"line":21,"column":47},"end":{"line":30,"column":null}}},"fnMap":{},"branchMap":{},"s":{"0":2,"1":2,"2":2},"f":{},"b":{},"meta":{"lastBranch":0,"lastFunction":0,"lastStatement":3,"seen":{"s:3:44:12:Infinity":0,"s:14:48:19:Infinity":1,"s:21:47:30:Infinity":2}}}
,"C:\\vitor2026\\iexfy\\opportunities-frontend\\src\\test\\renderWithProviders.tsx": {"path":"C:\\vitor2026\\iexfy\\opportunities-frontend\\src\\test\\renderWithProviders.tsx","statementMap":{"0":{"start":{"line":6,"column":13},"end":{"line":8,"column":4}},"1":{"start":{"line":9,"column":2},"end":{"line":9,"column":null}}},"fnMap":{"0":{"name":"renderWithProviders","decl":{"start":{"line":5,"column":16},"end":{"line":5,"column":36}},"loc":{"start":{"line":5,"column":51},"end":{"line":9,"column":null}},"line":5}},"branchMap":{},"s":{"0":21,"1":21},"f":{"0":21},"b":{},"meta":{"lastBranch":0,"lastFunction":1,"lastStatement":2,"seen":{"f:5:16:5:36":0,"s:6:13:8:4":0,"s:9:2:9:Infinity":1}}}
}
